<?xml version="1.0" encoding="UTF-8"?>
<!-- Generated by org.testng.reporters.JUnitReportReporter -->
<testsuite skipped="0" hostname="cf4b7eec265d" name="com.search.tests.SearchTest" tests="4" failures="0" timestamp="19 Feb 2021 12:45:19 GMT" time="31.287" errors="0">
  <testcase name="search" time="9.204" classname="com.search.tests.SearchTest"/>
  <testcase name="search" time="8.426" classname="com.search.tests.SearchTest"/>
  <testcase name="search" time="6.540" classname="com.search.tests.SearchTest"/>
  <testcase name="search" time="7.117" classname="com.search.tests.SearchTest"/>
</testsuite> <!-- com.search.tests.SearchTest -->
