<?xml version="1.0" encoding="UTF-8"?>
<!-- Generated by org.testng.reporters.JUnitReportReporter -->
<testsuite skipped="0" hostname="278a8273a5b3" name="com.newtours.tests.BookFlightTest" tests="20" failures="0" timestamp="19 Feb 2021 12:46:06 GMT" time="58.697" errors="0">
  <testcase name="findFlightPage" time="1.312" classname="com.newtours.tests.BookFlightTest"/>
  <testcase name="findFlightPage" time="1.152" classname="com.newtours.tests.BookFlightTest"/>
  <testcase name="findFlightPage" time="0.852" classname="com.newtours.tests.BookFlightTest"/>
  <testcase name="flightConfirmationPage" time="0.661" classname="com.newtours.tests.BookFlightTest"/>
  <testcase name="findFlightPage" time="1.023" classname="com.newtours.tests.BookFlightTest"/>
  <testcase name="registrationPage" time="10.077" classname="com.newtours.tests.BookFlightTest"/>
  <testcase name="flightDetailsPage" time="2.489" classname="com.newtours.tests.BookFlightTest"/>
  <testcase name="registrationPage" time="12.733" classname="com.newtours.tests.BookFlightTest"/>
  <testcase name="flightDetailsPage" time="2.479" classname="com.newtours.tests.BookFlightTest"/>
  <testcase name="registrationConfirmationPage" time="0.449" classname="com.newtours.tests.BookFlightTest"/>
  <testcase name="flightDetailsPage" time="2.032" classname="com.newtours.tests.BookFlightTest"/>
  <testcase name="registrationPage" time="9.122" classname="com.newtours.tests.BookFlightTest"/>
  <testcase name="flightConfirmationPage" time="0.653" classname="com.newtours.tests.BookFlightTest"/>
  <testcase name="flightConfirmationPage" time="0.708" classname="com.newtours.tests.BookFlightTest"/>
  <testcase name="registrationPage" time="9.066" classname="com.newtours.tests.BookFlightTest"/>
  <testcase name="registrationConfirmationPage" time="0.420" classname="com.newtours.tests.BookFlightTest"/>
  <testcase name="flightConfirmationPage" time="0.631" classname="com.newtours.tests.BookFlightTest"/>
  <testcase name="registrationConfirmationPage" time="0.334" classname="com.newtours.tests.BookFlightTest"/>
  <testcase name="registrationConfirmationPage" time="0.298" classname="com.newtours.tests.BookFlightTest"/>
  <testcase name="flightDetailsPage" time="2.206" classname="com.newtours.tests.BookFlightTest"/>
</testsuite> <!-- com.newtours.tests.BookFlightTest -->
